336
112
224
0
225
226
227
1
2
228
229
113
3
230
231
337
232
233
234
338
339
340
114
4
5
6
7
115
116
235
236
8
9
237
238
10
239
240
241
242
243
341
342
343
11
12
117
344
13
345
118
119
120
14
15
346
347
348
349
16
17
18
350
121
122
123
351
352
124
125
19
353
20
354
21
244
355
356
245
246
22
23
24
25
26
27
357
28
29
30
31
32
358
359
247
248
33
34
35
36
126
37
360
361
362
363
249
250
364
365
366
367
251
38
368
39
369
252
253
254
255
256
257
258
40
41
259
260
261
262
263
42
43
44
264
45
46
47
48
49
265
50
51
52
53
54
370
371
372
55
56
57
58
373
59
374
266
60
61
267
268
62
375
376
269
63
64
377
378
270
271
379
380
272
273
381
274
275
65
66
67
68
69
70
71
72
73
74
276
127
277
128
278
279
280
281
129
130
75
131
132
282
76
77
78
79
80
81
133
283
284
82
83
84
85
86
134
382
383
384
385
386
387
388
135
389
285
390
391
392
393
394
395
286
87
396
397
398
287
288
399
400
401
402
403
404
88
405
89
406
407
408
409
90
91
92
289
290
291
93
94
95
292
293
96
136
97
98
99
294
295
296
297
100
101
102
298
103
104
137
105
410
299
411
300
301
412
302
138
139
413
414
303
304
106
107
140
108
141
415
416
109
305
417
306
307
110
111
418
308
419
142
309
448
449
420
450
310
451
452
311
312
421
422
423
424
425
426
143
144
145
313
314
315
453
427
454
455
456
428
429
457
458
430
316
459
460
461
462
463
431
432
433
434
317
464
318
465
146
147
148
466
467
149
150
151
152
153
468
469
470
319
320
321
471
322
323
324
435
472
473
474
436
437
325
475
476
477
154
478
326
327
479
480
481
438
439
482
483
484
328
440
441
442
329
155
485
156
157
158
330
331
443
444
445
159
332
160
161
162
163
164
486
333
487
334
335
488
560
561
562
563
564
165
489
490
491
166
167
565
566
567
168
568
569
570
571
572
492
493
169
170
171
446
447
672
673
674
675
676
677
494
495
496
497
498
678
679
499
500
680
501
502
573
574
503
681
504
505
506
507
508
509
510
511
682
512
683
172
575
576
173
174
175
577
176
684
685
686
687
688
689
690
177
178
691
692
693
179
180
694
181
695
696
697
698
699
513
514
515
516
517
518
519
182
520
521
522
578
579
580
581
700
701
702
703
582
704
583
584
585
523
705
586
706
524
525
526
587
588
589
590
591
592
593
594
595
596
597
598
707
527
599
528
600
708
529
530
531
183
184
601
185
602
603
604
605
709
710
711
712
713
714
715
532
533
534
716
717
718
719
720
721
722
723
724
725
726
727
606
607
535
536
537
608
538
186
539
609
540
187
728
729
541
542
188
189
190
191
192
543
610
611
544
545
546
547
612
548
613
614
615
616
730
617
618
731
619
193
194
195
196
197
549
550
198
199
620
200
201
202
203
621
551
552
622
623
624
625
626
553
627
628
629
630
631
632
554
555
633
634
556
557
558
559
784
635
636
637
638
639
785
786
640
641
642
787
204
732
733
734
735
736
737
738
739
740
741
742
743
788
789
744
745
205
746
747
748
749
750
751
790
752
206
753
207
754
755
756
643
791
792
793
208
209
210
757
758
759
211
212
213
760
761
762
214
763
215
216
794
795
217
218
219
220
221
644
645
764
796
646
797
222
223
647
896
648
649
650
651
897
898
652
899
900
765
766
767
768
769
653
770
771
772
654
773
655
656
657
658
659
660
661
774
775
798
799
800
801
802
662
803
776
901
902
804
903
777
778
779
780
781
782
805
806
783
807
663
808
664
665
904
1008
1009
905
906
1010
1011
907
908
809
909
910
810
811
812
813
666
667
814
911
815
816
817
668
669
670
671
912
913
818
819
820
914
821
822
823
1120
1121
915
916
917
918
919
920
921
922
923
924
925
926
927
928
929
930
824
825
826
1012
931
932
933
1122
1123
1124
1125
1126
1013
1127
1128
1129
1130
1131
1014
1015
827
1132
1016
1017
828
829
1133
934
935
936
937
938
1134
939
1135
830
831
832
833
1136
1137
1138
940
941
834
835
942
836
943
1139
1140
944
945
946
947
948
949
950
951
952
953
954
955
956
957
958
959
960
961
962
963
964
965
966
967
837
838
839
968
969
970
971
972
840
841
842
973
974
975
843
844
845
976
977
978
979
980
981
846
847
848
849
850
851
852
853
1018
1019
1020
1021
1022
982
983
984
1023
1024
985
986
854
855
987
988
989
990
856
991
992
857
858
859
993
994
995
996
997
998
999
860
1000
1001
1002
1003
1025
1004
1005
1006
861
862
863
864
865
866
867
868
869
1026
870
1007
1232
871
872
873
874
1027
875
1028
1233
1234
1235
1236
1029
1030
876
877
878
879
880
881
882
883
884
885
886
887
888
889
890
891
892
893
894
1031
1032
1033
1034
1035
1036
1037
895
1038
1344
1237
1238
1345
1346
1347
1239
1240
1241
1348
1242
1243
1039
1040
1041
1244
1349
1350
1245
1246
1247
1248
1249
1250
1351
1352
1353
1354
1355
1356
1357
1358
1359
1360
1361
1042
1251
1252
1253
1254
1362
1363
1364
1365
1366
1367
1255
1368
1369
1256
1370
1371
1372
1373
1374
1375
1376
1377
1378
1379
1380
1381
1382
1383
1141
1142
1143
1144
1384
1257
1258
1385
1386
1387
1388
1389
1145
1390
1391
1146
1147
1392
1393
1394
1395
1148
1149
1150
1151
1396
1259
1260
1397
1398
1399
1400
1152
1261
1262
1263
1264
1153
1154
1265
1266
1267
1268
1269
1270
1043
1044
1155
1401
1402
1403
1404
1271
1405
1406
1407
1045
1156
1046
1047
1048
1157
1158
1159
1160
1161
1272
1273
1162
1049
1408
1409
1163
1050
1051
1164
1165
1166
1167
1410
1411
1412
1413
1168
1169
1170
1171
1052
1274
1172
1173
1053
1054
1174
1055
1275
1276
1277
1056
1057
1058
1175
1176
1414
1059
1415
1416
1417
1060
1061
1062
1063
1064
1065
1278
1279
1177
1280
1281
1066
1282
1283
1284
1285
1286
1287
1288
1289
1290
1291
1067
1068
1069
1292
1070
1071
1072
1293
1294
1295
1178
1179
1296
1297
1298
1299
1300
1301
1302
1303
1073
1074
1075
1076
1304
1418
1305
1306
1307
1308
1309
1310
1311
1312
1313
1419
1420
1314
1315
1316
1317
1421
1180
1318
1319
1320
1321
1322
1181
1182
1183
1323
1184
1185
1077
1078
1422
1186
1187
1188
1189
1190
1191
1192
1423
1424
1425
1193
1079
1426
1427
1428
1429
1324
1430
1431
1325
1326
1327
1432
1433
1434
1435
1436
1437
1438
1439
1440
1194
1195
1196
1441
1197
1198
1328
1329
1330
1080
1081
1082
1083
1442
1199
1084
1200
1085
1201
1202
1443
1444
1445
1446
1086
1087
1447
1448
1449
1450
1451
1452
1203
1204
1205
1206
1207
1208
1209
1453
1210
1454
1331
1211
1088
1212
1213
1089
1090
1455
1456
1214
1215
1332
1216
1217
1218
1333
1334
1457
1458
1335
1336
1337
1091
1092
1338
1339
1340
1341
1342
1459
1343
1568
1460
1461
1462
1463
1219
1220
1221
1093
1094
1095
1096
1222
1223
1464
1224
1465
1466
1097
1225
1226
1227
1228
1569
1229
1230
1570
1571
1231
1680
1681
1467
1468
1682
1098
1683
1684
1685
1686
1469
1470
1687
1471
1472
1688
1689
1690
1691
1692
1693
1694
1695
1696
1099
1697
1100
1698
1473
1101
1474
1475
1476
1699
1700
1477
1478
1701
1102
1103
1479
1702
1572
1573
1574
1575
1576
1480
1481
1482
1483
1484
1485
1486
1577
1578
1104
1579
1580
1581
1582
1583
1105
1584
1106
1703
1585
1704
1586
1107
1108
1109
1705
1110
1111
1112
1706
1707
1708
1487
1709
1710
1711
1488
1587
1588
1589
1590
1591
1592
1593
1113
1114
1115
1712
1713
1594
1116
1117
1118
1119
1489
Process ForkPoolWorker-8:
Traceback (most recent call last):
  File "/usr/lib/python3.5/multiprocessing/pool.py", line 125, in worker
    put((job, i, result))
  File "/usr/lib/python3.5/multiprocessing/queues.py", line 349, in put
    obj = ForkingPickler.dumps(obj)
  File "/usr/lib/python3.5/multiprocessing/reduction.py", line 50, in dumps
    cls(buf, protocol).dump(obj)
MemoryError

During handling of the above exception, another exception occurred:

Traceback (most recent call last):
  File "/usr/lib/python3.5/multiprocessing/process.py", line 249, in _bootstrap
    self.run()
  File "/usr/lib/python3.5/multiprocessing/process.py", line 93, in run
    self._target(*self._args, **self._kwargs)
  File "/usr/lib/python3.5/multiprocessing/pool.py", line 129, in worker
    wrapped))
MemoryError
  File "/usr/lib/python3.5/multiprocessing/pool.py", line 87, in __str__
    self.exc)
Exception in thread Thread-7:
Traceback (most recent call last):
  File "/usr/lib/python3.5/threading.py", line 914, in _bootstrap_inner
    self.run()
  File "/usr/lib/python3.5/threading.py", line 862, in run
    self._target(*self._args, **self._kwargs)
  File "/usr/lib/python3.5/multiprocessing/pool.py", line 366, in _handle_workers
    pool._maintain_pool()
  File "/usr/lib/python3.5/multiprocessing/pool.py", line 240, in _maintain_pool
    self._repopulate_pool()
  File "/usr/lib/python3.5/multiprocessing/pool.py", line 233, in _repopulate_pool
    w.start()
  File "/usr/lib/python3.5/multiprocessing/process.py", line 105, in start
    self._popen = self._Popen(self)
  File "/usr/lib/python3.5/multiprocessing/context.py", line 267, in _Popen
    return Popen(process_obj)
  File "/usr/lib/python3.5/multiprocessing/popen_fork.py", line 20, in __init__
    self._launch(process_obj)
  File "/usr/lib/python3.5/multiprocessing/popen_fork.py", line 67, in _launch
    self.pid = os.fork()
OSError: [Errno 12] Cannot allocate memory

1714
1715
1716
1490
1595
1596
1491
1492
1493
1717
1494
1718
1495
1496
1497
1498
1499
1719
1720
1500
1501
1721
1722
1502
1723
1724
1725
1503
1726
1727
1728
1729
1504
1505
1506
1730
1731
1732
1733
1507
1508
1509
1597
1598
1734
1735
1736
1510
1599
1511
1512
1513
1514
1737
1515
1600
1601
1602
1603
1738
1739
1740
1741
1516
1517
1742
1743
1744
1745
1746
1747
1748
1749
1750
1751
1752
1753
1518
1519
1520
1521
1522
1523
1524
1525
1526
1604
1605
1527
1528
1529
1530
1531
1532
1754
1533
1755
1756
1757
1758
1534
1535
1759
1606
1607
1608
1609
1760
1761
1610
1762
1611
1612
1613
1763
1764
1536
1537
1765
1538
1766
1614
1615
1539
1616
1617
1540
1618
1541
1542
1543
1544
1545
1546
1547
1548
1767
1768
1769
1770
1771
1772
1549
1550
1773
1774
1551
1775
1776
1552
1553
1554
1555
1556
1557
1777
1558
1559
1560
1561
1778
1779
1562
1563
1564
1565
1566
1567
1619
1620
1621
1622
1623
1624
1625
1626
1627
1628
1629
1630
1631
1632
1633
1634
1635
1636
1637
1638
1639
1640
1641
1642
1643
1644
1645
1646
1647
1648
1649
1650
1651
1652
1653
1654
1655
1656
1657
1658
1659
1660
1661
1662
1663
1664
1665
1666
1667
1668
1669
1670
1671
1672
1673
1674
1675
1676
1677
1678
1679
